<?xml version="1.0" encoding="UTF-8"?>
<!-- Generated by org.testng.reporters.JUnitXMLReporter -->
<testsuite ignored="0" hostname="HINLT118" failures="0" tests="6" name="Default test" time="11.919" errors="0" timestamp="2023-03-24T18:07:15 IST">
  <testcase classname="api.test.DDTests" name="testPostUser" time="3.19"/>
  <testcase classname="api.test.DDTests" name="testPostUser" time="1.512"/>
  <testcase classname="api.test.DDTests" name="testPostUser" time="1.512"/>
  <testcase classname="api.test.DDTests" name="testDeleteUserByName" time="1.505"/>
  <testcase classname="api.test.DDTests" name="testDeleteUserByName" time="1.506"/>
  <testcase classname="api.test.DDTests" name="testDeleteUserByName" time="1.461"/>
</testsuite> <!-- Default test -->
