<?xml version="1.0" encoding="UTF-8"?>
<testng-results ignored="0" total="10" passed="10" failed="0" skipped="0">
  <reporter-output>
  </reporter-output>
  <suite started-at="2023-03-26T18:19:57 IST" name="PetSuite" finished-at="2023-03-26T18:20:17 IST" duration-ms="20278">
    <groups>
    </groups>
    <test started-at="2023-03-26T18:19:57 IST" name="PetTest" finished-at="2023-03-26T18:20:17 IST" duration-ms="20278">
      <class name="api.test.UserTests">
        <test-method is-config="true" signature="setupData()[pri:0, instance:api.test.UserTests@55634720]" started-at="2023-03-26T18:19:57 IST" name="setupData" finished-at="2023-03-26T18:19:58 IST" duration-ms="705" status="PASS">
          <reporter-output>
          </reporter-output>
        </test-method> <!-- setupData -->
        <test-method signature="testPostUser()[pri:1, instance:api.test.UserTests@55634720]" started-at="2023-03-26T18:19:58 IST" name="testPostUser" finished-at="2023-03-26T18:20:01 IST" duration-ms="3227" status="PASS">
          <reporter-output>
          </reporter-output>
        </test-method> <!-- testPostUser -->
        <test-method signature="testGetUserByName()[pri:2, instance:api.test.UserTests@55634720]" started-at="2023-03-26T18:20:01 IST" name="testGetUserByName" finished-at="2023-03-26T18:20:02 IST" duration-ms="1528" status="PASS">
          <reporter-output>
          </reporter-output>
        </test-method> <!-- testGetUserByName -->
        <test-method signature="updateUserByName()[pri:3, instance:api.test.UserTests@55634720]" started-at="2023-03-26T18:20:02 IST" name="updateUserByName" finished-at="2023-03-26T18:20:05 IST" duration-ms="3023" status="PASS">
          <reporter-output>
          </reporter-output>
        </test-method> <!-- updateUserByName -->
        <test-method signature="deleteUserByName()[pri:4, instance:api.test.UserTests@55634720]" started-at="2023-03-26T18:20:05 IST" name="deleteUserByName" finished-at="2023-03-26T18:20:07 IST" duration-ms="1546" status="PASS">
          <reporter-output>
          </reporter-output>
        </test-method> <!-- deleteUserByName -->
      </class> <!-- api.test.UserTests -->
      <class name="api.test.DDTests">
        <test-method signature="testPostUser(java.lang.String,java.lang.String,java.lang.String,java.lang.String,java.lang.String,java.lang.String,java.lang.String)[pri:1, instance:api.test.DDTests@13fd2ccd]" started-at="2023-03-26T18:20:08 IST" name="testPostUser" data-provider="Data" finished-at="2023-03-26T18:20:09 IST" duration-ms="1490" status="PASS">
          <params>
            <param index="0">
              <value>
                <![CDATA[1010]]>
              </value>
            </param>
            <param index="1">
              <value>
                <![CDATA[testuser1]]>
              </value>
            </param>
            <param index="2">
              <value>
                <![CDATA[John]]>
              </value>
            </param>
            <param index="3">
              <value>
                <![CDATA[Canedy]]>
              </value>
            </param>
            <param index="4">
              <value>
                <![CDATA[a@gmail.com]]>
              </value>
            </param>
            <param index="5">
              <value>
                <![CDATA[test@1]]>
              </value>
            </param>
            <param index="6">
              <value>
                <![CDATA[1234567891]]>
              </value>
            </param>
          </params>
          <reporter-output>
          </reporter-output>
        </test-method> <!-- testPostUser -->
        <test-method signature="testPostUser(java.lang.String,java.lang.String,java.lang.String,java.lang.String,java.lang.String,java.lang.String,java.lang.String)[pri:1, instance:api.test.DDTests@13fd2ccd]" started-at="2023-03-26T18:20:09 IST" name="testPostUser" data-provider="Data" finished-at="2023-03-26T18:20:11 IST" duration-ms="1535" status="PASS">
          <params>
            <param index="0">
              <value>
                <![CDATA[1020]]>
              </value>
            </param>
            <param index="1">
              <value>
                <![CDATA[testuser2]]>
              </value>
            </param>
            <param index="2">
              <value>
                <![CDATA[Kim]]>
              </value>
            </param>
            <param index="3">
              <value>
                <![CDATA[Kom]]>
              </value>
            </param>
            <param index="4">
              <value>
                <![CDATA[b@gmail.com]]>
              </value>
            </param>
            <param index="5">
              <value>
                <![CDATA[test@2]]>
              </value>
            </param>
            <param index="6">
              <value>
                <![CDATA[1234567891]]>
              </value>
            </param>
          </params>
          <reporter-output>
          </reporter-output>
        </test-method> <!-- testPostUser -->
        <test-method signature="testPostUser(java.lang.String,java.lang.String,java.lang.String,java.lang.String,java.lang.String,java.lang.String,java.lang.String)[pri:1, instance:api.test.DDTests@13fd2ccd]" started-at="2023-03-26T18:20:11 IST" name="testPostUser" data-provider="Data" finished-at="2023-03-26T18:20:12 IST" duration-ms="1475" status="PASS">
          <params>
            <param index="0">
              <value>
                <![CDATA[1030]]>
              </value>
            </param>
            <param index="1">
              <value>
                <![CDATA[testuser3]]>
              </value>
            </param>
            <param index="2">
              <value>
                <![CDATA[Smith]]>
              </value>
            </param>
            <param index="3">
              <value>
                <![CDATA[Steve]]>
              </value>
            </param>
            <param index="4">
              <value>
                <![CDATA[c@gmail.com]]>
              </value>
            </param>
            <param index="5">
              <value>
                <![CDATA[test@3]]>
              </value>
            </param>
            <param index="6">
              <value>
                <![CDATA[1234567891]]>
              </value>
            </param>
          </params>
          <reporter-output>
          </reporter-output>
        </test-method> <!-- testPostUser -->
        <test-method signature="testDeleteUserByName(java.lang.String)[pri:2, instance:api.test.DDTests@13fd2ccd]" started-at="2023-03-26T18:20:12 IST" name="testDeleteUserByName" data-provider="UserNames" finished-at="2023-03-26T18:20:14 IST" duration-ms="1477" status="PASS">
          <params>
            <param index="0">
              <value>
                <![CDATA[testuser1]]>
              </value>
            </param>
          </params>
          <reporter-output>
          </reporter-output>
        </test-method> <!-- testDeleteUserByName -->
        <test-method signature="testDeleteUserByName(java.lang.String)[pri:2, instance:api.test.DDTests@13fd2ccd]" started-at="2023-03-26T18:20:14 IST" name="testDeleteUserByName" data-provider="UserNames" finished-at="2023-03-26T18:20:15 IST" duration-ms="1518" status="PASS">
          <params>
            <param index="0">
              <value>
                <![CDATA[testuser2]]>
              </value>
            </param>
          </params>
          <reporter-output>
          </reporter-output>
        </test-method> <!-- testDeleteUserByName -->
        <test-method signature="testDeleteUserByName(java.lang.String)[pri:2, instance:api.test.DDTests@13fd2ccd]" started-at="2023-03-26T18:20:15 IST" name="testDeleteUserByName" data-provider="UserNames" finished-at="2023-03-26T18:20:17 IST" duration-ms="1516" status="PASS">
          <params>
            <param index="0">
              <value>
                <![CDATA[testuser3]]>
              </value>
            </param>
          </params>
          <reporter-output>
          </reporter-output>
        </test-method> <!-- testDeleteUserByName -->
      </class> <!-- api.test.DDTests -->
    </test> <!-- PetTest -->
  </suite> <!-- PetSuite -->
</testng-results>
