<?xml version="1.0" encoding="UTF-8"?>
<!-- Generated by org.testng.reporters.JUnitXMLReporter -->
<testsuite ignored="0" hostname="Madhavi-Vinay" failures="0" tests="10" name="PetTest" time="20.331" errors="0" timestamp="2024-08-24T15:49:57 IST">
  <testcase classname="api.test.UserTests" name="testPostUser" time="3.061"/>
  <testcase classname="api.test.UserTests" name="testGetUserByName" time="1.478"/>
  <testcase classname="api.test.UserTests" name="updateUserByName" time="2.964"/>
  <testcase classname="api.test.UserTests" name="deleteUserByName" time="1.539"/>
  <testcase classname="api.test.DDTests" name="testPostUser" time="1.504"/>
  <testcase classname="api.test.DDTests" name="testPostUser" time="1.469"/>
  <testcase classname="api.test.DDTests" name="testPostUser" time="1.513"/>
  <testcase classname="api.test.DDTests" name="testDeleteUserByName" time="1.512"/>
  <testcase classname="api.test.DDTests" name="testDeleteUserByName" time="1.443"/>
  <testcase classname="api.test.DDTests" name="testDeleteUserByName" time="1.497"/>
</testsuite> <!-- PetTest -->
