<?xml version="1.0" encoding="UTF-8"?>
<!-- Generated by org.testng.reporters.JUnitXMLReporter -->
<testsuite ignored="0" hostname="HINLT118" failures="0" tests="10" name="PetTest" time="20.688" errors="0" timestamp="2023-03-26T19:13:17 IST">
  <testcase classname="api.test.UserTests" name="testPostUser" time="3.468"/>
  <testcase classname="api.test.UserTests" name="testGetUserByName" time="1.504"/>
  <testcase classname="api.test.UserTests" name="updateUserByName" time="3.062"/>
  <testcase classname="api.test.UserTests" name="deleteUserByName" time="1.521"/>
  <testcase classname="api.test.DDTests" name="testPostUser" time="1.469"/>
  <testcase classname="api.test.DDTests" name="testPostUser" time="1.525"/>
  <testcase classname="api.test.DDTests" name="testPostUser" time="1.522"/>
  <testcase classname="api.test.DDTests" name="testDeleteUserByName" time="1.509"/>
  <testcase classname="api.test.DDTests" name="testDeleteUserByName" time="1.474"/>
  <testcase classname="api.test.DDTests" name="testDeleteUserByName" time="1.469"/>
</testsuite> <!-- PetTest -->
