<?xml version="1.0" encoding="UTF-8"?>
<!-- Generated by org.testng.reporters.JUnitXMLReporter -->
<testsuite ignored="0" hostname="HINLT118" failures="0" tests="10" name="PetTest" time="20.278" errors="0" timestamp="2023-03-26T18:20:17 IST">
  <testcase classname="api.test.UserTests" name="testPostUser" time="3.227"/>
  <testcase classname="api.test.UserTests" name="testGetUserByName" time="1.528"/>
  <testcase classname="api.test.UserTests" name="updateUserByName" time="3.023"/>
  <testcase classname="api.test.UserTests" name="deleteUserByName" time="1.546"/>
  <testcase classname="api.test.DDTests" name="testPostUser" time="1.49"/>
  <testcase classname="api.test.DDTests" name="testPostUser" time="1.535"/>
  <testcase classname="api.test.DDTests" name="testPostUser" time="1.475"/>
  <testcase classname="api.test.DDTests" name="testDeleteUserByName" time="1.477"/>
  <testcase classname="api.test.DDTests" name="testDeleteUserByName" time="1.518"/>
  <testcase classname="api.test.DDTests" name="testDeleteUserByName" time="1.516"/>
</testsuite> <!-- PetTest -->
